<?xml version="1.0" encoding="UTF-8"?>
<!-- Generated by org.testng.reporters.JUnitReportReporter -->
<testsuite skipped="0" hostname="Mudassir-HP" name="com.qa.apiTest.TC003_Post_Employee_Record" tests="6" failures="0" timestamp="26 May 2020 11:31:41 GMT" time="0.067" errors="0">
  <testcase name="checkcontentEncoding" time="0.001" classname="com.qa.apiTest.TC003_Post_Employee_Record"/>
  <testcase name="checkserverType" time="0.001" classname="com.qa.apiTest.TC003_Post_Employee_Record"/>
  <testcase name="checkResposeBody" time="0.023" classname="com.qa.apiTest.TC003_Post_Employee_Record"/>
  <testcase name="checkContentType" time="0.041" classname="com.qa.apiTest.TC003_Post_Employee_Record"/>
  <testcase name="checkstatusLine" time="0.000" classname="com.qa.apiTest.TC003_Post_Employee_Record"/>
  <testcase name="checkStatusCode" time="0.001" classname="com.qa.apiTest.TC003_Post_Employee_Record"/>
</testsuite> <!-- com.qa.apiTest.TC003_Post_Employee_Record -->
