<?xml version="1.0" encoding="UTF-8"?>
<!-- Generated by org.testng.reporters.JUnitReportReporter -->
<testsuite skipped="0" hostname="Mudassir-HP" name="com.qa.apiTest.TC002_Post_Employee_Record" tests="6" failures="0" timestamp="26 May 2020 11:34:05 GMT" time="0.056" errors="0">
  <testcase name="checkcontentEncoding" time="0.001" classname="com.qa.apiTest.TC002_Post_Employee_Record"/>
  <testcase name="checkserverType" time="0.001" classname="com.qa.apiTest.TC002_Post_Employee_Record"/>
  <testcase name="checkResposeBody" time="0.038" classname="com.qa.apiTest.TC002_Post_Employee_Record"/>
  <testcase name="checkContentType" time="0.014" classname="com.qa.apiTest.TC002_Post_Employee_Record"/>
  <testcase name="checkstatusLine" time="0.001" classname="com.qa.apiTest.TC002_Post_Employee_Record"/>
  <testcase name="checkStatusCode" time="0.001" classname="com.qa.apiTest.TC002_Post_Employee_Record"/>
</testsuite> <!-- com.qa.apiTest.TC002_Post_Employee_Record -->
