<?xml version="1.0" encoding="UTF-8"?>
<!-- Generated by org.testng.reporters.JUnitReportReporter -->
<testsuite skipped="0" hostname="Mudassir-HP" name="com.qa.apiTest.TC001_Get_All_Employees" tests="7" failures="0" timestamp="26 May 2020 11:33:31 GMT" time="0.058" errors="0">
  <testcase name="checkResposeBody" time="0.049" classname="com.qa.apiTest.TC001_Get_All_Employees"/>
  <testcase name="checkStatusCode" time="0.002" classname="com.qa.apiTest.TC001_Get_All_Employees"/>
  <testcase name="checkResponseTime" time="0.002" classname="com.qa.apiTest.TC001_Get_All_Employees"/>
  <testcase name="checkstatusLine" time="0.002" classname="com.qa.apiTest.TC001_Get_All_Employees"/>
  <testcase name="checkContentType" time="0.001" classname="com.qa.apiTest.TC001_Get_All_Employees"/>
  <testcase name="checkserverType" time="0.001" classname="com.qa.apiTest.TC001_Get_All_Employees"/>
  <testcase name="checkcontentEncoding" time="0.001" classname="com.qa.apiTest.TC001_Get_All_Employees"/>
</testsuite> <!-- com.qa.apiTest.TC001_Get_All_Employees -->
